2014-05-07 05:14:55 [WARN] - [play.Logger.warn(Logger.java:345)]  You're running Play! in DEV mode
2014-05-07 05:15:51 [ERROR] - [play.Logger.error(Logger.java:400)]  imageName=1399410951471omxjb.jpg
2014-05-07 05:15:51 [ERROR] - [play.Logger.error(Logger.java:400)]  imageSize=90_90f
2014-05-07 05:15:51 [ERROR] - [play.Logger.error(Logger.java:400)]  bucketName=weshop
2014-05-07 05:15:51 [WARN] - [play.Logger.warn(Logger.java:345)]  url.content=sun.awt.image.URLImageSource@5e0268ce
2014-05-07 05:17:52 [ERROR] - [play.Logger.error(Logger.java:400)]  imageName=1399411072180hwwzn.jpg
2014-05-07 05:17:52 [ERROR] - [play.Logger.error(Logger.java:400)]  imageSize=90_90f
2014-05-07 05:17:52 [ERROR] - [play.Logger.error(Logger.java:400)]  bucketName=weshop
2014-05-07 05:17:52 [ERROR] - [play.Logger.error(Logger.java:400)]  s=1399411072234vabms.jpg
2014-05-07 05:17:52 [WARN] - [play.Logger.warn(Logger.java:345)]  url.content=sun.awt.image.URLImageSource@4af65a10
2014-05-07 07:38:55 [WARN] - [play.Logger.warn(Logger.java:345)]  You're running Play! in DEV mode
2014-05-07 07:39:12 [ERROR] - [play.Logger.error(Logger.java:400)]  imageName=self
2014-05-07 07:39:12 [ERROR] - [play.Logger.error(Logger.java:400)]  imageSize=null
2014-05-07 07:39:12 [ERROR] - [play.Logger.error(Logger.java:400)]  bucketName=admin
2014-05-07 07:39:12 [ERROR] - [play.Logger.error(Logger.java:400)]  s=1399419552154ejaml.
2014-05-07 07:39:12 [ERROR] - [play.Logger.error(Logger.java:400)]  io error when addThumbnail
2014-05-07 07:39:12 [ERROR] - [play.Logger.niceThrowable(Logger.java:571)]  

@6i62g0idd
Internal Server Error (500) for request GET /admin/self

Execution exception (/app/controllers/Application.java:48)
NullPointerException occured : null

play.exceptions.JavaExecutionException
	at play.mvc.ActionInvoker.invoke(ActionInvoker.java:230)
	at Invocation.HTTP Request(Play!)
Caused by: java.lang.NullPointerException
	at controllers.Application.getThumbnailUrl(Application.java:48)
	at play.mvc.ActionInvoker.invokeWithContinuation(ActionInvoker.java:550)
	at play.mvc.ActionInvoker.invoke(ActionInvoker.java:501)
	at play.mvc.ActionInvoker.invokeControllerMethod(ActionInvoker.java:477)
	at play.mvc.ActionInvoker.invokeControllerMethod(ActionInvoker.java:472)
	at play.mvc.ActionInvoker.invoke(ActionInvoker.java:160)
	... 1 more
2014-05-07 07:40:03 [ERROR] - [play.Logger.error(Logger.java:400)]  imageName=self
2014-05-07 07:40:03 [ERROR] - [play.Logger.error(Logger.java:400)]  imageSize=null
2014-05-07 07:40:03 [ERROR] - [play.Logger.error(Logger.java:400)]  bucketName=admin
2014-05-07 07:40:03 [ERROR] - [play.Logger.error(Logger.java:400)]  s=1399419603315ebbnv.
2014-05-07 07:40:03 [ERROR] - [play.Logger.error(Logger.java:400)]  io error when addThumbnail
2014-05-07 07:40:03 [ERROR] - [play.Logger.niceThrowable(Logger.java:571)]  

@6i62g0ide
Internal Server Error (500) for request GET /admin/self

Execution exception (/app/controllers/Application.java:48)
NullPointerException occured : null

play.exceptions.JavaExecutionException
	at play.mvc.ActionInvoker.invoke(ActionInvoker.java:230)
	at Invocation.HTTP Request(Play!)
Caused by: java.lang.NullPointerException
	at controllers.Application.getThumbnailUrl(Application.java:48)
	at play.mvc.ActionInvoker.invokeWithContinuation(ActionInvoker.java:550)
	at play.mvc.ActionInvoker.invoke(ActionInvoker.java:501)
	at play.mvc.ActionInvoker.invokeControllerMethod(ActionInvoker.java:477)
	at play.mvc.ActionInvoker.invokeControllerMethod(ActionInvoker.java:472)
	at play.mvc.ActionInvoker.invoke(ActionInvoker.java:160)
	... 1 more
2014-05-07 07:40:36 [ERROR] - [play.Logger.error(Logger.java:400)]  imageName=self
2014-05-07 07:40:36 [ERROR] - [play.Logger.error(Logger.java:400)]  imageSize=null
2014-05-07 07:40:36 [ERROR] - [play.Logger.error(Logger.java:400)]  bucketName=admin
2014-05-07 07:40:36 [ERROR] - [play.Logger.error(Logger.java:400)]  s=1399419636990unnxf.
2014-05-07 07:40:36 [ERROR] - [play.Logger.error(Logger.java:400)]  io error when addThumbnail
2014-05-07 07:40:37 [ERROR] - [play.Logger.niceThrowable(Logger.java:571)]  

@6i62g0idf
Internal Server Error (500) for request GET /admin/self

Execution exception (/app/controllers/Application.java:48)
NullPointerException occured : null

play.exceptions.JavaExecutionException
	at play.mvc.ActionInvoker.invoke(ActionInvoker.java:230)
	at Invocation.HTTP Request(Play!)
Caused by: java.lang.NullPointerException
	at controllers.Application.getThumbnailUrl(Application.java:48)
	at play.mvc.ActionInvoker.invokeWithContinuation(ActionInvoker.java:550)
	at play.mvc.ActionInvoker.invoke(ActionInvoker.java:501)
	at play.mvc.ActionInvoker.invokeControllerMethod(ActionInvoker.java:477)
	at play.mvc.ActionInvoker.invokeControllerMethod(ActionInvoker.java:472)
	at play.mvc.ActionInvoker.invoke(ActionInvoker.java:160)
	... 1 more
2014-05-07 07:42:32 [WARN] - [play.Logger.warn(Logger.java:345)]  You're running Play! in DEV mode
2014-05-07 07:42:54 [ERROR] - [play.Logger.error(Logger.java:400)]  imageName=self
2014-05-07 07:42:54 [ERROR] - [play.Logger.error(Logger.java:400)]  imageSize=null
2014-05-07 07:42:54 [ERROR] - [play.Logger.error(Logger.java:400)]  bucketName=admin
2014-05-07 07:42:54 [ERROR] - [play.Logger.error(Logger.java:400)]  s=1399419774956ktzbe.
2014-05-07 07:42:54 [ERROR] - [play.Logger.error(Logger.java:400)]  io error when addThumbnail
2014-05-07 07:42:55 [ERROR] - [play.Logger.niceThrowable(Logger.java:571)]  

@6i62gda2k
Internal Server Error (500) for request GET /admin/self

Execution exception (/app/controllers/Application.java:48)
NullPointerException occured : null

play.exceptions.JavaExecutionException
	at play.mvc.ActionInvoker.invoke(ActionInvoker.java:230)
	at Invocation.HTTP Request(Play!)
Caused by: java.lang.NullPointerException
	at controllers.Application.getThumbnailUrl(Application.java:48)
	at play.mvc.ActionInvoker.invokeWithContinuation(ActionInvoker.java:550)
	at play.mvc.ActionInvoker.invoke(ActionInvoker.java:501)
	at play.mvc.ActionInvoker.invokeControllerMethod(ActionInvoker.java:477)
	at play.mvc.ActionInvoker.invokeControllerMethod(ActionInvoker.java:472)
	at play.mvc.ActionInvoker.invoke(ActionInvoker.java:160)
	... 1 more
2014-05-07 07:43:05 [ERROR] - [play.Logger.error(Logger.java:400)]  imageName=self
2014-05-07 07:43:05 [ERROR] - [play.Logger.error(Logger.java:400)]  imageSize=null
2014-05-07 07:43:05 [ERROR] - [play.Logger.error(Logger.java:400)]  bucketName=admin
2014-05-07 07:43:05 [ERROR] - [play.Logger.error(Logger.java:400)]  s=1399419785014dfgfn.
2014-05-07 07:43:05 [ERROR] - [play.Logger.error(Logger.java:400)]  io error when addThumbnail
2014-05-07 07:43:05 [ERROR] - [play.Logger.niceThrowable(Logger.java:571)]  

@6i62gda2l
Internal Server Error (500) for request GET /admin/self

Execution exception (/app/controllers/Application.java:48)
NullPointerException occured : null

play.exceptions.JavaExecutionException
	at play.mvc.ActionInvoker.invoke(ActionInvoker.java:230)
	at Invocation.HTTP Request(Play!)
Caused by: java.lang.NullPointerException
	at controllers.Application.getThumbnailUrl(Application.java:48)
	at play.mvc.ActionInvoker.invokeWithContinuation(ActionInvoker.java:550)
	at play.mvc.ActionInvoker.invoke(ActionInvoker.java:501)
	at play.mvc.ActionInvoker.invokeControllerMethod(ActionInvoker.java:477)
	at play.mvc.ActionInvoker.invokeControllerMethod(ActionInvoker.java:472)
	at play.mvc.ActionInvoker.invoke(ActionInvoker.java:160)
	... 1 more
2014-05-07 07:43:17 [ERROR] - [play.Logger.error(Logger.java:400)]  imageName=self
2014-05-07 07:43:17 [ERROR] - [play.Logger.error(Logger.java:400)]  imageSize=null
2014-05-07 07:43:17 [ERROR] - [play.Logger.error(Logger.java:400)]  bucketName=admin
2014-05-07 07:43:17 [ERROR] - [play.Logger.error(Logger.java:400)]  s=1399419797112zawiu.
2014-05-07 07:43:17 [ERROR] - [play.Logger.error(Logger.java:400)]  io error when addThumbnail
2014-05-07 07:43:17 [ERROR] - [play.Logger.niceThrowable(Logger.java:571)]  

@6i62gda2m
Internal Server Error (500) for request GET /admin/self

Execution exception (/app/controllers/Application.java:48)
NullPointerException occured : null

play.exceptions.JavaExecutionException
	at play.mvc.ActionInvoker.invoke(ActionInvoker.java:230)
	at Invocation.HTTP Request(Play!)
Caused by: java.lang.NullPointerException
	at controllers.Application.getThumbnailUrl(Application.java:48)
	at play.mvc.ActionInvoker.invokeWithContinuation(ActionInvoker.java:550)
	at play.mvc.ActionInvoker.invoke(ActionInvoker.java:501)
	at play.mvc.ActionInvoker.invokeControllerMethod(ActionInvoker.java:477)
	at play.mvc.ActionInvoker.invokeControllerMethod(ActionInvoker.java:472)
	at play.mvc.ActionInvoker.invoke(ActionInvoker.java:160)
	... 1 more
2014-05-07 08:39:27 [ERROR] - [play.Logger.error(Logger.java:400)]  imageName=self
2014-05-07 08:39:27 [ERROR] - [play.Logger.error(Logger.java:400)]  imageSize=null
2014-05-07 08:39:27 [ERROR] - [play.Logger.error(Logger.java:400)]  bucketName=admin
2014-05-07 08:39:27 [ERROR] - [play.Logger.error(Logger.java:400)]  s=1399423167646sqwwl.
2014-05-07 08:39:27 [ERROR] - [play.Logger.error(Logger.java:400)]  io error when addThumbnail
2014-05-07 08:39:27 [ERROR] - [play.Logger.niceThrowable(Logger.java:571)]  

@6i62gda2n
Internal Server Error (500) for request GET /admin/self

Execution exception (/app/controllers/Application.java:48)
NullPointerException occured : null

play.exceptions.JavaExecutionException
	at play.mvc.ActionInvoker.invoke(ActionInvoker.java:230)
	at Invocation.HTTP Request(Play!)
Caused by: java.lang.NullPointerException
	at controllers.Application.getThumbnailUrl(Application.java:48)
	at play.mvc.ActionInvoker.invokeWithContinuation(ActionInvoker.java:550)
	at play.mvc.ActionInvoker.invoke(ActionInvoker.java:501)
	at play.mvc.ActionInvoker.invokeControllerMethod(ActionInvoker.java:477)
	at play.mvc.ActionInvoker.invokeControllerMethod(ActionInvoker.java:472)
	at play.mvc.ActionInvoker.invoke(ActionInvoker.java:160)
	... 1 more
2014-05-07 08:40:12 [ERROR] - [play.Logger.error(Logger.java:400)]  imageName=self
2014-05-07 08:40:12 [ERROR] - [play.Logger.error(Logger.java:400)]  imageSize=null
2014-05-07 08:40:12 [ERROR] - [play.Logger.error(Logger.java:400)]  bucketName=admin
2014-05-07 08:40:12 [ERROR] - [play.Logger.error(Logger.java:400)]  s=1399423212033tfxee.
2014-05-07 08:40:12 [ERROR] - [play.Logger.error(Logger.java:400)]  io error when addThumbnail
2014-05-07 08:40:12 [ERROR] - [play.Logger.niceThrowable(Logger.java:571)]  

@6i62gda2o
Internal Server Error (500) for request GET /admin/self

Execution exception (/app/controllers/Application.java:48)
NullPointerException occured : null

play.exceptions.JavaExecutionException
	at play.mvc.ActionInvoker.invoke(ActionInvoker.java:230)
	at Invocation.HTTP Request(Play!)
Caused by: java.lang.NullPointerException
	at controllers.Application.getThumbnailUrl(Application.java:48)
	at play.mvc.ActionInvoker.invokeWithContinuation(ActionInvoker.java:550)
	at play.mvc.ActionInvoker.invoke(ActionInvoker.java:501)
	at play.mvc.ActionInvoker.invokeControllerMethod(ActionInvoker.java:477)
	at play.mvc.ActionInvoker.invokeControllerMethod(ActionInvoker.java:472)
	at play.mvc.ActionInvoker.invoke(ActionInvoker.java:160)
	... 1 more
2014-05-07 10:18:01 [WARN] - [play.Logger.warn(Logger.java:345)]  You're running Play! in DEV mode
2014-05-07 10:18:11 [ERROR] - [play.Logger.error(Logger.java:400)]  imageName=1399429091349pxeoq.jpg
2014-05-07 10:18:11 [ERROR] - [play.Logger.error(Logger.java:400)]  imageSize=90_90f
2014-05-07 10:18:11 [ERROR] - [play.Logger.error(Logger.java:400)]  bucketName=weshop
2014-05-07 10:18:11 [ERROR] - [play.Logger.error(Logger.java:400)]  s=1399429091819vixmv.jpg
2014-05-07 10:18:11 [WARN] - [play.Logger.warn(Logger.java:345)]  url.content=sun.awt.image.URLImageSource@4589632c
2014-05-07 10:32:04 [WARN] - [play.Logger.warn(Logger.java:345)]  You're running Play! in DEV mode
2014-05-07 10:32:44 [ERROR] - [play.Logger.error(Logger.java:400)]  imageName=1399429964203bzeaq.jpeg
2014-05-07 10:32:44 [ERROR] - [play.Logger.error(Logger.java:400)]  imageSize=90_90f
2014-05-07 10:32:44 [ERROR] - [play.Logger.error(Logger.java:400)]  bucketName=weshop
2014-05-07 10:32:44 [ERROR] - [play.Logger.error(Logger.java:400)]  s=1399429964567uhvuo.jpeg
2014-05-07 10:32:44 [WARN] - [play.Logger.warn(Logger.java:345)]  url.content=sun.awt.image.URLImageSource@2b164eb5
2014-05-07 10:34:53 [ERROR] - [play.Logger.error(Logger.java:400)]  imageName=1399430093317ozmxt.jpg
2014-05-07 10:34:53 [ERROR] - [play.Logger.error(Logger.java:400)]  imageSize=90_90f
2014-05-07 10:34:53 [ERROR] - [play.Logger.error(Logger.java:400)]  bucketName=weshop
2014-05-07 10:34:53 [ERROR] - [play.Logger.error(Logger.java:400)]  s=1399430093372nbyfy.jpg
2014-05-07 10:34:53 [WARN] - [play.Logger.warn(Logger.java:345)]  url.content=sun.awt.image.URLImageSource@784e98a1
2014-05-07 10:35:44 [ERROR] - [play.Logger.error(Logger.java:400)]  imageName=1399430144685moots.jpg
2014-05-07 10:35:44 [ERROR] - [play.Logger.error(Logger.java:400)]  imageSize=90_90f
2014-05-07 10:35:44 [ERROR] - [play.Logger.error(Logger.java:400)]  bucketName=weshop
2014-05-07 10:35:44 [ERROR] - [play.Logger.error(Logger.java:400)]  s=1399430144752zjgay.jpg
2014-05-07 10:35:44 [WARN] - [play.Logger.warn(Logger.java:345)]  url.content=sun.awt.image.URLImageSource@490615c9
2014-05-07 10:38:24 [ERROR] - [play.Logger.error(Logger.java:400)]  imageName=1399430304739bhpci.jpg
2014-05-07 10:38:24 [ERROR] - [play.Logger.error(Logger.java:400)]  imageSize=90_90f
2014-05-07 10:38:24 [ERROR] - [play.Logger.error(Logger.java:400)]  bucketName=weshop
2014-05-07 10:38:24 [ERROR] - [play.Logger.error(Logger.java:400)]  s=1399430304800oplgw.jpg
2014-05-07 10:38:24 [WARN] - [play.Logger.warn(Logger.java:345)]  url.content=sun.awt.image.URLImageSource@31d5e8d4
2014-05-07 10:39:14 [WARN] - [play.Logger.warn(Logger.java:345)]  You're running Play! in DEV mode
2014-05-07 10:39:38 [ERROR] - [play.Logger.error(Logger.java:400)]  imageName=1399430377892qihff.jpeg
2014-05-07 10:39:38 [ERROR] - [play.Logger.error(Logger.java:400)]  imageSize=90_90f
2014-05-07 10:39:38 [ERROR] - [play.Logger.error(Logger.java:400)]  bucketName=weshop
2014-05-07 10:39:38 [ERROR] - [play.Logger.error(Logger.java:400)]  s=1399430378222tdavk.jpeg
2014-05-07 10:39:38 [WARN] - [play.Logger.warn(Logger.java:345)]  url.content=sun.awt.image.URLImageSource@47d55880
2014-05-07 11:08:31 [WARN] - [play.Logger.warn(Logger.java:345)]  You're running Play! in DEV mode
2014-05-07 11:16:03 [WARN] - [play.Logger.warn(Logger.java:345)]  You're running Play! in DEV mode
2014-05-07 11:31:40 [WARN] - [play.Logger.warn(Logger.java:345)]  You're running Play! in DEV mode
2014-05-07 11:38:21 [ERROR] - [play.Logger.error(Logger.java:400)]  ----here---
2014-05-07 11:39:12 [ERROR] - [play.Logger.error(Logger.java:400)]  ----here---
2014-05-07 11:54:14 [ERROR] - [play.Logger.error(Logger.java:400)]  ----here---
2014-05-07 11:54:15 [ERROR] - [play.Logger.error(Logger.java:400)]  ----here---
2014-05-07 11:56:57 [ERROR] - [play.Logger.error(Logger.java:400)]  ----here---
2014-05-07 11:57:01 [ERROR] - [play.Logger.error(Logger.java:400)]  ----here---
2014-05-07 11:57:34 [ERROR] - [play.Logger.error(Logger.java:400)]  ----here---
2014-05-07 11:57:47 [ERROR] - [play.Logger.error(Logger.java:400)]  imageName=1399435066664udzcc.jpg
2014-05-07 11:57:47 [ERROR] - [play.Logger.error(Logger.java:400)]  imageSize=90_90f
2014-05-07 11:57:47 [ERROR] - [play.Logger.error(Logger.java:400)]  bucketName=weshop
2014-05-07 11:57:47 [ERROR] - [play.Logger.error(Logger.java:400)]  s=1399435067140czzxj.jpg
2014-05-07 11:57:47 [WARN] - [play.Logger.warn(Logger.java:345)]  url.content=sun.awt.image.URLImageSource@6e3a2fde
2014-05-07 12:04:21 [ERROR] - [play.Logger.error(Logger.java:400)]  imageName=1399435461431qyzue.jpg
2014-05-07 12:04:21 [ERROR] - [play.Logger.error(Logger.java:400)]  imageSize=90_90f
2014-05-07 12:04:21 [ERROR] - [play.Logger.error(Logger.java:400)]  bucketName=weshop
2014-05-07 12:04:21 [ERROR] - [play.Logger.error(Logger.java:400)]  s=1399435461481afmub.jpg
2014-05-07 12:04:21 [WARN] - [play.Logger.warn(Logger.java:345)]  url.content=sun.awt.image.URLImageSource@2a3ca6ec
2014-05-07 12:04:37 [ERROR] - [play.Logger.error(Logger.java:400)]  imageName=1399435477194bzvis.jpg
2014-05-07 12:04:37 [ERROR] - [play.Logger.error(Logger.java:400)]  imageSize=90_90f
2014-05-07 12:04:37 [ERROR] - [play.Logger.error(Logger.java:400)]  bucketName=weshop
2014-05-07 12:04:37 [ERROR] - [play.Logger.error(Logger.java:400)]  s=1399435477229pdodh.jpg
2014-05-07 12:04:37 [WARN] - [play.Logger.warn(Logger.java:345)]  url.content=sun.awt.image.URLImageSource@2337d31e
2014-05-07 12:04:50 [ERROR] - [play.Logger.error(Logger.java:400)]  imageName=1399435490483sawri.jpg
2014-05-07 12:04:50 [ERROR] - [play.Logger.error(Logger.java:400)]  imageSize=90_90f
2014-05-07 12:04:50 [ERROR] - [play.Logger.error(Logger.java:400)]  bucketName=weshop
2014-05-07 12:04:50 [ERROR] - [play.Logger.error(Logger.java:400)]  s=1399435490521fnvbo.jpg
2014-05-07 12:04:50 [WARN] - [play.Logger.warn(Logger.java:345)]  url.content=sun.awt.image.URLImageSource@69d1e43a
2014-05-07 12:04:57 [ERROR] - [play.Logger.error(Logger.java:400)]  imageName=1399435497366hmune.jpeg
2014-05-07 12:04:57 [ERROR] - [play.Logger.error(Logger.java:400)]  imageSize=90_90f
2014-05-07 12:04:57 [ERROR] - [play.Logger.error(Logger.java:400)]  bucketName=weshop
2014-05-07 12:04:57 [ERROR] - [play.Logger.error(Logger.java:400)]  s=1399435497403wqqdc.jpeg
2014-05-07 12:04:57 [WARN] - [play.Logger.warn(Logger.java:345)]  url.content=sun.awt.image.URLImageSource@76321db8
2014-05-07 12:05:00 [ERROR] - [play.Logger.error(Logger.java:400)]  imageName=1399435500103bqfoh.jpg
2014-05-07 12:05:00 [ERROR] - [play.Logger.error(Logger.java:400)]  imageSize=90_90f
2014-05-07 12:05:00 [ERROR] - [play.Logger.error(Logger.java:400)]  bucketName=weshop
2014-05-07 12:05:00 [ERROR] - [play.Logger.error(Logger.java:400)]  s=1399435500137yfzws.jpg
2014-05-07 12:05:00 [WARN] - [play.Logger.warn(Logger.java:345)]  url.content=sun.awt.image.URLImageSource@1d7554ac
2014-05-07 12:05:01 [ERROR] - [play.Logger.error(Logger.java:400)]  imageName=1399435501781bwgnq.jpg
2014-05-07 12:05:01 [ERROR] - [play.Logger.error(Logger.java:400)]  imageSize=90_90f
2014-05-07 12:05:01 [ERROR] - [play.Logger.error(Logger.java:400)]  bucketName=weshop
2014-05-07 12:05:01 [ERROR] - [play.Logger.error(Logger.java:400)]  s=1399435501817sldlz.jpg
2014-05-07 12:05:01 [WARN] - [play.Logger.warn(Logger.java:345)]  url.content=sun.awt.image.URLImageSource@7b61c4fa
2014-05-07 12:05:04 [ERROR] - [play.Logger.error(Logger.java:400)]  imageName=1399435500103bqfoh.jpg
2014-05-07 12:05:04 [ERROR] - [play.Logger.error(Logger.java:400)]  imageName=1399435501781bwgnq.jpg
2014-05-07 12:05:04 [ERROR] - [play.Logger.error(Logger.java:400)]  imageName=1399435497366hmune.jpeg
2014-05-07 12:05:04 [ERROR] - [play.Logger.error(Logger.java:400)]  imageSize=390_130f
2014-05-07 12:05:04 [ERROR] - [play.Logger.error(Logger.java:400)]  imageSize=390_130f
2014-05-07 12:05:04 [ERROR] - [play.Logger.error(Logger.java:400)]  bucketName=weshop
2014-05-07 12:05:04 [ERROR] - [play.Logger.error(Logger.java:400)]  imageSize=390_130f
2014-05-07 12:05:04 [ERROR] - [play.Logger.error(Logger.java:400)]  s=1399435504438qcylu.jpg
2014-05-07 12:05:04 [ERROR] - [play.Logger.error(Logger.java:400)]  bucketName=weshop
2014-05-07 12:05:04 [ERROR] - [play.Logger.error(Logger.java:400)]  bucketName=weshop
2014-05-07 12:05:04 [ERROR] - [play.Logger.error(Logger.java:400)]  s=1399435504439pczvr.jpg
2014-05-07 12:05:04 [ERROR] - [play.Logger.error(Logger.java:400)]  s=1399435504439dugst.jpeg
2014-05-07 12:05:04 [WARN] - [play.Logger.warn(Logger.java:345)]  url.content=sun.awt.image.URLImageSource@ddae59
2014-05-07 12:05:04 [WARN] - [play.Logger.warn(Logger.java:345)]  url.content=sun.awt.image.URLImageSource@59e15580
2014-05-07 12:05:04 [WARN] - [play.Logger.warn(Logger.java:345)]  url.content=sun.awt.image.URLImageSource@58b47499
2014-05-07 12:05:09 [ERROR] - [play.Logger.error(Logger.java:400)]  imageName=1399435490483sawri.jpg
2014-05-07 12:05:09 [ERROR] - [play.Logger.error(Logger.java:400)]  imageSize=50_50f
2014-05-07 12:05:09 [ERROR] - [play.Logger.error(Logger.java:400)]  bucketName=weshop
2014-05-07 12:05:09 [ERROR] - [play.Logger.error(Logger.java:400)]  s=1399435509995acsed.jpg
2014-05-07 12:05:09 [WARN] - [play.Logger.warn(Logger.java:345)]  url.content=sun.awt.image.URLImageSource@122db509
2014-05-07 12:09:12 [ERROR] - [play.Logger.error(Logger.java:400)]  imageName=1399435752752kkhbv.jpg
2014-05-07 12:09:12 [ERROR] - [play.Logger.error(Logger.java:400)]  imageSize=90_90f
2014-05-07 12:09:12 [ERROR] - [play.Logger.error(Logger.java:400)]  bucketName=weshop
2014-05-07 12:09:12 [ERROR] - [play.Logger.error(Logger.java:400)]  s=1399435752787dllqk.jpg
2014-05-07 12:09:12 [WARN] - [play.Logger.warn(Logger.java:345)]  url.content=sun.awt.image.URLImageSource@73cbc577
2014-05-07 12:09:21 [ERROR] - [play.Logger.error(Logger.java:400)]  imageName=1399435761486vzddq.jpg
2014-05-07 12:09:21 [ERROR] - [play.Logger.error(Logger.java:400)]  imageSize=90_90f
2014-05-07 12:09:21 [ERROR] - [play.Logger.error(Logger.java:400)]  bucketName=weshop
2014-05-07 12:09:21 [ERROR] - [play.Logger.error(Logger.java:400)]  s=1399435761516wywdr.jpg
2014-05-07 12:09:21 [WARN] - [play.Logger.warn(Logger.java:345)]  url.content=sun.awt.image.URLImageSource@7e042fa7
2014-05-07 12:09:25 [ERROR] - [play.Logger.error(Logger.java:400)]  imageName=1399435765306crlis.jpeg
2014-05-07 12:09:25 [ERROR] - [play.Logger.error(Logger.java:400)]  imageSize=90_90f
2014-05-07 12:09:25 [ERROR] - [play.Logger.error(Logger.java:400)]  bucketName=weshop
2014-05-07 12:09:25 [ERROR] - [play.Logger.error(Logger.java:400)]  s=1399435765334ckqfu.jpeg
2014-05-07 12:09:25 [WARN] - [play.Logger.warn(Logger.java:345)]  url.content=sun.awt.image.URLImageSource@5d0d7390
2014-05-07 12:10:21 [ERROR] - [play.Logger.error(Logger.java:400)]  imageName=1399435821798lyznw.jpg
2014-05-07 12:10:21 [ERROR] - [play.Logger.error(Logger.java:400)]  imageSize=90_90f
2014-05-07 12:10:21 [ERROR] - [play.Logger.error(Logger.java:400)]  bucketName=weshop
2014-05-07 12:10:21 [ERROR] - [play.Logger.error(Logger.java:400)]  s=1399435821835khfme.jpg
2014-05-07 12:10:21 [WARN] - [play.Logger.warn(Logger.java:345)]  url.content=sun.awt.image.URLImageSource@631054be
2014-05-07 12:10:26 [ERROR] - [play.Logger.error(Logger.java:400)]  imageName=1399435826800smtah.jpg
2014-05-07 12:10:26 [ERROR] - [play.Logger.error(Logger.java:400)]  imageSize=90_90f
2014-05-07 12:10:26 [ERROR] - [play.Logger.error(Logger.java:400)]  bucketName=weshop
2014-05-07 12:10:26 [ERROR] - [play.Logger.error(Logger.java:400)]  s=1399435826841fnpiy.jpg
2014-05-07 12:10:26 [WARN] - [play.Logger.warn(Logger.java:345)]  url.content=sun.awt.image.URLImageSource@67bd7f3f
2014-05-07 12:10:30 [ERROR] - [play.Logger.error(Logger.java:400)]  imageName=1399435830414xgzgd.jpg
2014-05-07 12:10:30 [ERROR] - [play.Logger.error(Logger.java:400)]  imageSize=90_90f
2014-05-07 12:10:30 [ERROR] - [play.Logger.error(Logger.java:400)]  bucketName=weshop
2014-05-07 12:10:30 [ERROR] - [play.Logger.error(Logger.java:400)]  s=1399435830449bmknv.jpg
2014-05-07 12:10:30 [WARN] - [play.Logger.warn(Logger.java:345)]  url.content=sun.awt.image.URLImageSource@7282ee7a
2014-05-07 12:10:44 [ERROR] - [play.Logger.error(Logger.java:400)]  imageName=1399435826800smtah.jpg
2014-05-07 12:10:44 [ERROR] - [play.Logger.error(Logger.java:400)]  imageName=1399435830414xgzgd.jpg
2014-05-07 12:10:44 [ERROR] - [play.Logger.error(Logger.java:400)]  imageSize=390_130f
2014-05-07 12:10:44 [ERROR] - [play.Logger.error(Logger.java:400)]  imageSize=390_130f
2014-05-07 12:10:44 [ERROR] - [play.Logger.error(Logger.java:400)]  bucketName=weshop
2014-05-07 12:10:44 [ERROR] - [play.Logger.error(Logger.java:400)]  bucketName=weshop
2014-05-07 12:10:44 [ERROR] - [play.Logger.error(Logger.java:400)]  s=1399435844452gbmxe.jpg
2014-05-07 12:10:44 [ERROR] - [play.Logger.error(Logger.java:400)]  s=1399435844452hjoot.jpg
2014-05-07 12:10:44 [WARN] - [play.Logger.warn(Logger.java:345)]  url.content=sun.awt.image.URLImageSource@12bfb51f
2014-05-07 12:10:44 [WARN] - [play.Logger.warn(Logger.java:345)]  url.content=sun.awt.image.URLImageSource@680c0fd6
2014-05-07 12:11:50 [ERROR] - [play.Logger.error(Logger.java:400)]  imageName=1399435910761xavhr.jpg
2014-05-07 12:11:50 [ERROR] - [play.Logger.error(Logger.java:400)]  imageSize=90_90f
2014-05-07 12:11:50 [ERROR] - [play.Logger.error(Logger.java:400)]  bucketName=weshop
2014-05-07 12:11:50 [ERROR] - [play.Logger.error(Logger.java:400)]  s=1399435910793vrqia.jpg
2014-05-07 12:11:50 [WARN] - [play.Logger.warn(Logger.java:345)]  url.content=sun.awt.image.URLImageSource@4b50996
2014-05-07 12:11:52 [ERROR] - [play.Logger.error(Logger.java:400)]  imageName=1399435910761xavhr.jpg
2014-05-07 12:11:52 [ERROR] - [play.Logger.error(Logger.java:400)]  imageSize=390_130f
2014-05-07 12:11:52 [ERROR] - [play.Logger.error(Logger.java:400)]  bucketName=weshop
2014-05-07 12:11:52 [ERROR] - [play.Logger.error(Logger.java:400)]  s=1399435912745eihqx.jpg
2014-05-07 12:11:52 [WARN] - [play.Logger.warn(Logger.java:345)]  url.content=sun.awt.image.URLImageSource@75dbe831
2014-05-07 12:12:10 [ERROR] - [play.Logger.error(Logger.java:400)]  imageName=1399435930379xjuzv.jpg
2014-05-07 12:12:10 [ERROR] - [play.Logger.error(Logger.java:400)]  imageSize=90_90f
2014-05-07 12:12:10 [ERROR] - [play.Logger.error(Logger.java:400)]  bucketName=weshop
2014-05-07 12:12:10 [ERROR] - [play.Logger.error(Logger.java:400)]  s=1399435930408znilx.jpg
2014-05-07 12:12:10 [WARN] - [play.Logger.warn(Logger.java:345)]  url.content=sun.awt.image.URLImageSource@266c806b
2014-05-07 12:12:12 [ERROR] - [play.Logger.error(Logger.java:400)]  imageName=1399435930379xjuzv.jpg
2014-05-07 12:12:12 [ERROR] - [play.Logger.error(Logger.java:400)]  imageSize=390_130f
2014-05-07 12:12:12 [ERROR] - [play.Logger.error(Logger.java:400)]  bucketName=weshop
2014-05-07 12:12:12 [ERROR] - [play.Logger.error(Logger.java:400)]  s=1399435932282ullnw.jpg
2014-05-07 12:12:12 [WARN] - [play.Logger.warn(Logger.java:345)]  url.content=sun.awt.image.URLImageSource@1f6dd073
2014-05-07 12:13:11 [ERROR] - [play.Logger.error(Logger.java:400)]  imageName=1399435991492wvxnn.png
2014-05-07 12:13:11 [ERROR] - [play.Logger.error(Logger.java:400)]  imageSize=90_90f
2014-05-07 12:13:11 [ERROR] - [play.Logger.error(Logger.java:400)]  bucketName=weshop
2014-05-07 12:13:11 [ERROR] - [play.Logger.error(Logger.java:400)]  s=1399435991525lusyz.png
2014-05-07 12:13:11 [WARN] - [play.Logger.warn(Logger.java:345)]  url.content=sun.awt.image.URLImageSource@ccace11
2014-05-07 12:13:13 [ERROR] - [play.Logger.error(Logger.java:400)]  imageName=1399435991492wvxnn.png
2014-05-07 12:13:13 [ERROR] - [play.Logger.error(Logger.java:400)]  imageSize=390_130f
2014-05-07 12:13:13 [ERROR] - [play.Logger.error(Logger.java:400)]  bucketName=weshop
2014-05-07 12:13:13 [ERROR] - [play.Logger.error(Logger.java:400)]  s=1399435993248tbjmt.png
2014-05-07 12:13:13 [WARN] - [play.Logger.warn(Logger.java:345)]  url.content=sun.awt.image.URLImageSource@1346e527
2014-05-07 14:28:46 [WARN] - [play.Logger.warn(Logger.java:345)]  You're running Play! in DEV mode
2014-05-07 14:30:25 [ERROR] - [play.Logger.error(Logger.java:400)]  imageName=1399435490483sawri.jpg
2014-05-07 14:30:25 [ERROR] - [play.Logger.error(Logger.java:400)]  imageSize=140_120f
2014-05-07 14:30:25 [ERROR] - [play.Logger.error(Logger.java:400)]  bucketName=weshop
2014-05-07 14:30:25 [ERROR] - [play.Logger.error(Logger.java:400)]  s=1399444225560pstrm.jpg
2014-05-07 14:30:25 [WARN] - [play.Logger.warn(Logger.java:345)]  url.content=sun.awt.image.URLImageSource@4aae9663
2014-05-07 18:14:26 [ERROR] - [play.Logger.error(Logger.java:400)]  imageName=1399457666689jmhcx.jpeg
2014-05-07 18:14:26 [ERROR] - [play.Logger.error(Logger.java:400)]  imageSize=90_90f
2014-05-07 18:14:26 [ERROR] - [play.Logger.error(Logger.java:400)]  bucketName=weshop
2014-05-07 18:14:26 [ERROR] - [play.Logger.error(Logger.java:400)]  s=1399457666787kymts.jpeg
2014-05-07 18:14:26 [WARN] - [play.Logger.warn(Logger.java:345)]  url.content=sun.awt.image.URLImageSource@34b408b0
2014-05-07 18:14:29 [ERROR] - [play.Logger.error(Logger.java:400)]  imageName=1399457669761lpypl.jpg
2014-05-07 18:14:29 [ERROR] - [play.Logger.error(Logger.java:400)]  imageSize=90_90f
2014-05-07 18:14:29 [ERROR] - [play.Logger.error(Logger.java:400)]  bucketName=weshop
2014-05-07 18:14:29 [ERROR] - [play.Logger.error(Logger.java:400)]  s=1399457669796rdwkq.jpg
2014-05-07 18:14:29 [WARN] - [play.Logger.warn(Logger.java:345)]  url.content=sun.awt.image.URLImageSource@45ea62b1
2014-05-07 18:14:32 [ERROR] - [play.Logger.error(Logger.java:400)]  imageName=1399457672344powca.jpg
2014-05-07 18:14:32 [ERROR] - [play.Logger.error(Logger.java:400)]  imageSize=90_90f
2014-05-07 18:14:32 [ERROR] - [play.Logger.error(Logger.java:400)]  bucketName=weshop
2014-05-07 18:14:32 [ERROR] - [play.Logger.error(Logger.java:400)]  s=1399457672389jfxqb.jpg
2014-05-07 18:14:32 [WARN] - [play.Logger.warn(Logger.java:345)]  url.content=sun.awt.image.URLImageSource@65b6f17e
2014-05-07 18:14:36 [ERROR] - [play.Logger.error(Logger.java:400)]  imageName=1399457676184sjllw.jpg
2014-05-07 18:14:36 [ERROR] - [play.Logger.error(Logger.java:400)]  imageSize=90_90f
2014-05-07 18:14:36 [ERROR] - [play.Logger.error(Logger.java:400)]  bucketName=weshop
2014-05-07 18:14:36 [ERROR] - [play.Logger.error(Logger.java:400)]  s=1399457676217vvqub.jpg
2014-05-07 18:14:36 [WARN] - [play.Logger.warn(Logger.java:345)]  url.content=sun.awt.image.URLImageSource@73c94c46
2014-05-07 18:14:40 [ERROR] - [play.Logger.error(Logger.java:400)]  imageName=1399457680793jcvqh.jpg
2014-05-07 18:14:40 [ERROR] - [play.Logger.error(Logger.java:400)]  imageSize=90_90f
2014-05-07 18:14:40 [ERROR] - [play.Logger.error(Logger.java:400)]  bucketName=weshop
2014-05-07 18:14:40 [ERROR] - [play.Logger.error(Logger.java:400)]  s=1399457680834msckq.jpg
2014-05-07 18:14:40 [WARN] - [play.Logger.warn(Logger.java:345)]  url.content=sun.awt.image.URLImageSource@1e6f287c
2014-05-07 18:14:43 [ERROR] - [play.Logger.error(Logger.java:400)]  imageName=1399457683127ysuvn.jpg
2014-05-07 18:14:43 [ERROR] - [play.Logger.error(Logger.java:400)]  imageSize=90_90f
2014-05-07 18:14:43 [ERROR] - [play.Logger.error(Logger.java:400)]  bucketName=weshop
2014-05-07 18:14:43 [ERROR] - [play.Logger.error(Logger.java:400)]  s=1399457683157bbxaf.jpg
2014-05-07 18:14:43 [WARN] - [play.Logger.warn(Logger.java:345)]  url.content=sun.awt.image.URLImageSource@6b9b28bc
2014-05-07 18:14:45 [ERROR] - [play.Logger.error(Logger.java:400)]  imageName=1399457685849dzljl.jpeg
2014-05-07 18:14:45 [ERROR] - [play.Logger.error(Logger.java:400)]  imageSize=90_90f
2014-05-07 18:14:45 [ERROR] - [play.Logger.error(Logger.java:400)]  bucketName=weshop
2014-05-07 18:14:45 [ERROR] - [play.Logger.error(Logger.java:400)]  s=1399457685880ljdfa.jpeg
2014-05-07 18:14:45 [WARN] - [play.Logger.warn(Logger.java:345)]  url.content=sun.awt.image.URLImageSource@34610097
2014-05-07 18:14:48 [ERROR] - [play.Logger.error(Logger.java:400)]  imageName=1399457688610hwtcb.jpg
2014-05-07 18:14:48 [ERROR] - [play.Logger.error(Logger.java:400)]  imageSize=90_90f
2014-05-07 18:14:48 [ERROR] - [play.Logger.error(Logger.java:400)]  bucketName=weshop
2014-05-07 18:14:48 [ERROR] - [play.Logger.error(Logger.java:400)]  s=1399457688644flxna.jpg
2014-05-07 18:14:48 [WARN] - [play.Logger.warn(Logger.java:345)]  url.content=sun.awt.image.URLImageSource@10fcc0c3
